Build started 25-01-2020 15:10:57.
     1>Project "E:\MCA\MCA SEM 2\AP\Assignment 1\XT1\XT1\XT1.vcxproj" on node 2 (build target(s)).
     1>InitializeBuildStatus:
         Creating "Debug\XT1.unsuccessfulbuild" because "AlwaysCreate" was specified.
       ClCompile:
         C:\Program Files (x86)\Microsoft Visual Studio 10.0\VC\bin\CL.exe /c /ZI /nologo /W3 /WX- /Od /Oy- /D _MBCS /Gm /EHsc /RTC1 /MDd /GS /fp:precise /Zc:wchar_t /Zc:forScope /Fo"Debug\\" /Fd"Debug\vc100.pdb" /Gd /TC /analyze- /errorReport:prompt XT1.c
         XT1.c
     1>e:\mca\mca sem 2\ap\assignment 1\xt1\xt1\xt1.c(27): warning C4013: 'getnteam' undefined; assuming extern returning int
     1>e:\mca\mca sem 2\ap\assignment 1\xt1\xt1\xt1.c(39): warning C4996: 'getch': The POSIX name for this item is deprecated. Instead, use the ISO C++ conformant name: _getch. See online help for details.
                 c:\program files (x86)\microsoft visual studio 10.0\vc\include\conio.h(128) : see declaration of 'getch'
     1>e:\mca\mca sem 2\ap\assignment 1\xt1\xt1\xt1.c(24): warning C4101: 'j' : unreferenced local variable
     1>e:\mca\mca sem 2\ap\assignment 1\xt1\xt1\xt1.c(49): warning C4996: 'scanf': This function or variable may be unsafe. Consider using scanf_s instead. To disable deprecation, use _CRT_SECURE_NO_WARNINGS. See online help for details.
                 c:\program files (x86)\microsoft visual studio 10.0\vc\include\stdio.h(304) : see declaration of 'scanf'
     1>e:\mca\mca sem 2\ap\assignment 1\xt1\xt1\xt1.c(55): warning C4996: 'scanf': This function or variable may be unsafe. Consider using scanf_s instead. To disable deprecation, use _CRT_SECURE_NO_WARNINGS. See online help for details.
                 c:\program files (x86)\microsoft visual studio 10.0\vc\include\stdio.h(304) : see declaration of 'scanf'
     1>e:\mca\mca sem 2\ap\assignment 1\xt1\xt1\xt1.c(57): warning C4996: 'scanf': This function or variable may be unsafe. Consider using scanf_s instead. To disable deprecation, use _CRT_SECURE_NO_WARNINGS. See online help for details.
                 c:\program files (x86)\microsoft visual studio 10.0\vc\include\stdio.h(304) : see declaration of 'scanf'
     1>e:\mca\mca sem 2\ap\assignment 1\xt1\xt1\xt1.c(67): warning C4996: 'scanf': This function or variable may be unsafe. Consider using scanf_s instead. To disable deprecation, use _CRT_SECURE_NO_WARNINGS. See online help for details.
                 c:\program files (x86)\microsoft visual studio 10.0\vc\include\stdio.h(304) : see declaration of 'scanf'
     1>e:\mca\mca sem 2\ap\assignment 1\xt1\xt1\xt1.c(75): warning C4996: 'scanf': This function or variable may be unsafe. Consider using scanf_s instead. To disable deprecation, use _CRT_SECURE_NO_WARNINGS. See online help for details.
                 c:\program files (x86)\microsoft visual studio 10.0\vc\include\stdio.h(304) : see declaration of 'scanf'
     1>e:\mca\mca sem 2\ap\assignment 1\xt1\xt1\xt1.c(81): warning C4101: 'l' : unreferenced local variable
     1>e:\mca\mca sem 2\ap\assignment 1\xt1\xt1\xt1.c(133): warning C4996: 'scanf': This function or variable may be unsafe. Consider using scanf_s instead. To disable deprecation, use _CRT_SECURE_NO_WARNINGS. See online help for details.
                 c:\program files (x86)\microsoft visual studio 10.0\vc\include\stdio.h(304) : see declaration of 'scanf'
     1>e:\mca\mca sem 2\ap\assignment 1\xt1\xt1\xt1.c(137): warning C4996: 'scanf': This function or variable may be unsafe. Consider using scanf_s instead. To disable deprecation, use _CRT_SECURE_NO_WARNINGS. See online help for details.
                 c:\program files (x86)\microsoft visual studio 10.0\vc\include\stdio.h(304) : see declaration of 'scanf'
       Link:
         C:\Program Files (x86)\Microsoft Visual Studio 10.0\VC\bin\link.exe /ERRORREPORT:PROMPT /OUT:"E:\MCA\MCA SEM 2\AP\Assignment 1\XT1\Debug\XT1.exe" /NOLOGO kernel32.lib user32.lib gdi32.lib winspool.lib comdlg32.lib advapi32.lib shell32.lib ole32.lib oleaut32.lib uuid.lib odbc32.lib odbccp32.lib /MANIFEST /ManifestFile:"Debug\XT1.exe.intermediate.manifest" /MANIFESTUAC:"level='asInvoker' uiAccess='false'" /DEBUG /PDB:"E:\MCA\MCA SEM 2\AP\Assignment 1\XT1\Debug\XT1.pdb" /TLBID:1 /DYNAMICBASE /NXCOMPAT /IMPLIB:"E:\MCA\MCA SEM 2\AP\Assignment 1\XT1\Debug\XT1.lib" /MACHINE:X86 Debug\XT1.obj
         LINK : E:\MCA\MCA SEM 2\AP\Assignment 1\XT1\Debug\XT1.exe not found or not built by the last incremental link; performing full link
         XT1.vcxproj -> E:\MCA\MCA SEM 2\AP\Assignment 1\XT1\Debug\XT1.exe
       Manifest:
         C:\Program Files (x86)\Microsoft SDKs\Windows\v7.0A\bin\mt.exe /nologo /verbose /outputresource:"E:\MCA\MCA SEM 2\AP\Assignment 1\XT1\Debug\XT1.exe;#1" /manifest Debug\XT1.exe.intermediate.manifest
       FinalizeBuildStatus:
         Deleting file "Debug\XT1.unsuccessfulbuild".
         Touching "Debug\XT1.lastbuildstate".
     1>Done Building Project "E:\MCA\MCA SEM 2\AP\Assignment 1\XT1\XT1\XT1.vcxproj" (build target(s)).

Build succeeded.

Time Elapsed 00:00:01.77
