Build started 27-11-2019 23:04:42.
     1>Project "E:\practical\Practical Assignment\FOP\Assignment 2\XT16\XT16\XT16.vcxproj" on node 2 (build target(s)).
     1>InitializeBuildStatus:
         Creating "Debug\XT16.unsuccessfulbuild" because "AlwaysCreate" was specified.
       ClCompile:
         C:\Program Files (x86)\Microsoft Visual Studio 10.0\VC\bin\CL.exe /c /ZI /nologo /W3 /WX- /Od /Oy- /D _MBCS /Gm /EHsc /RTC1 /MDd /GS /fp:precise /Zc:wchar_t /Zc:forScope /Fo"Debug\\" /Fd"Debug\vc100.pdb" /Gd /TC /analyze- /errorReport:prompt XT16.c
         XT16.c
     1>e:\practical\practical assignment\fop\assignment 2\xt16\xt16\xt16.c(12): warning C4996: 'scanf': This function or variable may be unsafe. Consider using scanf_s instead. To disable deprecation, use _CRT_SECURE_NO_WARNINGS. See online help for details.
                 c:\program files (x86)\microsoft visual studio 10.0\vc\include\stdio.h(304) : see declaration of 'scanf'
     1>e:\practical\practical assignment\fop\assignment 2\xt16\xt16\xt16.c(14): warning C4996: 'scanf': This function or variable may be unsafe. Consider using scanf_s instead. To disable deprecation, use _CRT_SECURE_NO_WARNINGS. See online help for details.
                 c:\program files (x86)\microsoft visual studio 10.0\vc\include\stdio.h(304) : see declaration of 'scanf'
     1>e:\practical\practical assignment\fop\assignment 2\xt16\xt16\xt16.c(58): warning C4996: 'getch': The POSIX name for this item is deprecated. Instead, use the ISO C++ conformant name: _getch. See online help for details.
                 c:\program files (x86)\microsoft visual studio 10.0\vc\include\conio.h(128) : see declaration of 'getch'
       Link:
         C:\Program Files (x86)\Microsoft Visual Studio 10.0\VC\bin\link.exe /ERRORREPORT:PROMPT /OUT:"E:\practical\Practical Assignment\FOP\Assignment 2\XT16\Debug\XT16.exe" /NOLOGO kernel32.lib user32.lib gdi32.lib winspool.lib comdlg32.lib advapi32.lib shell32.lib ole32.lib oleaut32.lib uuid.lib odbc32.lib odbccp32.lib /MANIFEST /ManifestFile:"Debug\XT16.exe.intermediate.manifest" /MANIFESTUAC:"level='asInvoker' uiAccess='false'" /DEBUG /PDB:"E:\practical\Practical Assignment\FOP\Assignment 2\XT16\Debug\XT16.pdb" /TLBID:1 /DYNAMICBASE /NXCOMPAT /IMPLIB:"E:\practical\Practical Assignment\FOP\Assignment 2\XT16\Debug\XT16.lib" /MACHINE:X86 Debug\XT16.obj
         LINK : E:\practical\Practical Assignment\FOP\Assignment 2\XT16\Debug\XT16.exe not found or not built by the last incremental link; performing full link
         XT16.vcxproj -> E:\practical\Practical Assignment\FOP\Assignment 2\XT16\Debug\XT16.exe
       Manifest:
         C:\Program Files (x86)\Microsoft SDKs\Windows\v7.0A\bin\mt.exe /nologo /verbose /outputresource:"E:\practical\Practical Assignment\FOP\Assignment 2\XT16\Debug\XT16.exe;#1" /manifest Debug\XT16.exe.intermediate.manifest
       FinalizeBuildStatus:
         Deleting file "Debug\XT16.unsuccessfulbuild".
         Touching "Debug\XT16.lastbuildstate".
     1>Done Building Project "E:\practical\Practical Assignment\FOP\Assignment 2\XT16\XT16\XT16.vcxproj" (build target(s)).

Build succeeded.

Time Elapsed 00:00:01.36
